Using pre-set license
Built from '2020.3/staging' branch; Version is '2020.3.0f1 (c7b5465681fb) revision 13088070'; Using compiler version '192528614'; Build Type 'Release'
OS: 'Windows 10 Home; OS build 19042.985; Version 2009; 64bit' Language: 'en' Physical Memory: 16228 MB
BatchMode: 1, IsHumanControllingUs: 0, StartBugReporterOnCrash: 0, Is64bit: 1, IsPro: 0

 COMMAND LINE ARGUMENTS:
C:\Program Files\Unity\Hub\Editor\2020.3.0f1\Editor\Unity.exe
-adb2
-batchMode
-noUpm
-name
AssetImportWorker0
-projectPath
C:/Users/ptgyo/OneDrive/Documents/GitHub/AR_Img_Track/ar_Img_Track
-logFile
Logs/AssetImportWorker0.log
-srvPort
63748
Successfully changed project path to: C:/Users/ptgyo/OneDrive/Documents/GitHub/AR_Img_Track/ar_Img_Track
C:/Users/ptgyo/OneDrive/Documents/GitHub/AR_Img_Track/ar_Img_Track
Using Asset Import Pipeline V2.
Refreshing native plugins compatible for Editor in 73.72 ms, found 10 plugins.
Preloading 1 native plugins for Editor in 1.38 ms.
Initialize engine version: 2020.3.0f1 (c7b5465681fb)
[Subsystems] Discovering subsystems at path C:/Program Files/Unity/Hub/Editor/2020.3.0f1/Editor/Data/Resources/UnitySubsystems
[Subsystems] Discovering subsystems at path C:/Users/ptgyo/OneDrive/Documents/GitHub/AR_Img_Track/ar_Img_Track/Assets
GfxDevice: creating device client; threaded=0
Direct3D:
    Version:  Direct3D 11.0 [level 11.1]
    Renderer: NVIDIA GeForce GTX 1660 Ti (ID=0x2191)
    Vendor:   
    VRAM:     5991 MB
    Driver:   26.21.14.3123
Shader 'PointClouds/PointSplat': fallback shader 'PointClouds/PointSplatLegacy' not found
Initialize mono
Mono path[0] = 'C:/Program Files/Unity/Hub/Editor/2020.3.0f1/Editor/Data/Managed'
Mono path[1] = 'C:/Program Files/Unity/Hub/Editor/2020.3.0f1/Editor/Data/MonoBleedingEdge/lib/mono/unityjit'
Mono config path = 'C:/Program Files/Unity/Hub/Editor/2020.3.0f1/Editor/Data/MonoBleedingEdge/etc'
Using monoOptions --debugger-agent=transport=dt_socket,embedding=1,server=y,suspend=n,address=127.0.0.1:56780
Begin MonoManager ReloadAssembly
Registering precompiled unity dll's ...
Register platform support module: C:/Program Files/Unity/Hub/Editor/2020.3.0f1/Editor/Data/PlaybackEngines/WindowsStandaloneSupport/UnityEditor.WindowsStandalone.Extensions.dll
Register platform support module: C:/Program Files/Unity/Hub/Editor/2020.3.0f1/Editor/Data/PlaybackEngines/LuminSupport/UnityEditor.Lumin.Extensions.dll
Registered in 0.002426 seconds.
Native extension for Lumin target not found
Native extension for WindowsStandalone target not found
Refreshing native plugins compatible for Editor in 53.36 ms, found 10 plugins.
Preloading 1 native plugins for Editor in 0.07 ms.
Invoked RoslynAnalysisRunner static constructor.
RoslynAnalysisRunner will not be running.
RoslynAnalysisRunner has terminated.
Mono: successfully reloaded assembly
- Completed reload, in  2.141 seconds
Platform modules already initialized, skipping
Registering precompiled user dll's ...
Registered in 0.013492 seconds.
Begin MonoManager ReloadAssembly
Native extension for Lumin target not found
Native extension for WindowsStandalone target not found
Refreshing native plugins compatible for Editor in 0.71 ms, found 10 plugins.
Preloading 1 native plugins for Editor in 0.06 ms.
System.NullReferenceException: Object reference not set to an instance of an object
  at Vuforia.EditorClasses.ExtensionTypeProvider.GetVuforiaPackageAbsPath () [0x0004a] in <f93bc12ce1034617aac9a18135b94276>:0 
  at Vuforia.EditorClasses.ExtensionTypeProvider.IsPackageManager () [0x00000] in <f93bc12ce1034617aac9a18135b94276>:0 
  at Vuforia.EditorClasses.ExtensionTypeProvider.ResolvePluginType () [0x00009] in <f93bc12ce1034617aac9a18135b94276>:0 
  at Vuforia.EditorClasses.ExtensionTypeProvider.GetPluginType () [0x0000c] in <f93bc12ce1034617aac9a18135b94276>:0 
  at Vuforia.EditorClasses.VuforiaUtilities.IsVuforiaEnabledInPlayerSettings () [0x00000] in <f93bc12ce1034617aac9a18135b94276>:0 
  at VuforiaEnabledObserver..cctor () [0x00000] in <f93bc12ce1034617aac9a18135b94276>:0 
UnityEngine.StackTraceUtility:ExtractStackTrace ()
UnityEngine.DebugLogHandler:LogFormat (UnityEngine.LogType,UnityEngine.Object,string,object[])
UnityEngine.Logger:Log (UnityEngine.LogType,object)
UnityEngine.Debug:LogError (object)
UnityEditor.EditorAssemblies:ProcessInitializeOnLoadAttributes (System.Type[])

System.NullReferenceException: Object reference not set to an instance of an object
  at Vuforia.EditorClasses.ExtensionTypeProvider.GetVuforiaPackageAbsPath () [0x0004a] in <f93bc12ce1034617aac9a18135b94276>:0 
  at Vuforia.EditorClasses.ExtensionTypeProvider.IsPackageManager () [0x00000] in <f93bc12ce1034617aac9a18135b94276>:0 
  at Vuforia.EditorClasses.ExtensionTypeProvider.ResolvePluginType () [0x00009] in <f93bc12ce1034617aac9a18135b94276>:0 
  at Vuforia.EditorClasses.ExtensionTypeProvider.GetPluginType () [0x0000c] in <f93bc12ce1034617aac9a18135b94276>:0 
  at Vuforia.EditorClasses.VuforiaUtilities.IsVuforiaEnabledInPlayerSettings () [0x00000] in <f93bc12ce1034617aac9a18135b94276>:0 
  at Vuforia.EditorClasses.InitializeOnLoadVuforiaTaskRunner..cctor () [0x00015] in <f93bc12ce1034617aac9a18135b94276>:0 
UnityEngine.StackTraceUtility:ExtractStackTrace ()
UnityEngine.DebugLogHandler:LogFormat (UnityEngine.LogType,UnityEngine.Object,string,object[])
UnityEngine.Logger:Log (UnityEngine.LogType,object)
UnityEngine.Debug:LogError (object)
UnityEditor.EditorAssemblies:ProcessInitializeOnLoadAttributes (System.Type[])

Invoked RoslynAnalysisRunner static constructor.
RoslynAnalysisRunner will not be running.
RoslynAnalysisRunner has terminated.
Mono: successfully reloaded assembly
- Completed reload, in  3.254 seconds
Platform modules already initialized, skipping
========================================================================
Worker process is ready to serve import requests
Shader 'PointClouds/PointSplat': fallback shader 'PointClouds/PointSplatLegacy' not found
Launched and connected shader compiler UnityShaderCompiler.exe after 0.08 seconds
Refreshing native plugins compatible for Editor in 0.64 ms, found 10 plugins.
Preloading 1 native plugins for Editor in 0.06 ms.
Unloading 2017 Unused Serialized files (Serialized files now loaded: 0)
System memory in use before: 95.1 MB.
System memory in use after: 95.3 MB.

Unloading 69 unused Assets to reduce memory usage. Loaded Objects now: 2694.
Total: 2.929600 ms (FindLiveObjects: 0.388500 ms CreateObjectMapping: 0.153700 ms MarkObjects: 2.290000 ms  DeleteObjects: 0.096000 ms)

========================================================================
Received Import Request.
  path: Assets/Visualizer.prefab
  artifactKey: Guid(e211ee0735539704ca5af5623fc7330d) Importer(815301076,1909f56bfc062723c751e8b465ee728b)
Start importing Assets/Visualizer.prefab using Guid(e211ee0735539704ca5af5623fc7330d) Importer(815301076,1909f56bfc062723c751e8b465ee728b) Asset 'DrumTest': Transition 'AnyState -> Idle Write' in state 'AnyState' doesn't have an Exit Time or any condition, transition will be ignored
UnityEngine.StackTraceUtility:ExtractStackTrace ()
UnityEditor.EditorUtility:Internal_InstantiateRemoveAllNonAnimationComponentsSingle (UnityEngine.Object,UnityEngine.Vector3,UnityEngine.Quaternion)
UnityEditor.EditorUtility:InstantiateRemoveAllNonAnimationComponents (UnityEngine.Object,UnityEngine.Vector3,UnityEngine.Quaternion)
UnityEditor.EditorUtility:InstantiateForAnimatorPreview (UnityEngine.Object)
UnityEditor.GameObjectInspector/PreviewData:UpdateGameObject (UnityEngine.Object)
UnityEditor.GameObjectInspector/PreviewData:.ctor (UnityEngine.Object)
UnityEditor.GameObjectInspector:GetPreviewData ()
UnityEditor.GameObjectInspector:RenderStaticPreview (string,UnityEngine.Object[],int,int)
UnityEditor.AssetPreviewUpdater:CreatePreviewForAsset (UnityEngine.Object,UnityEngine.Object[],string)

[C:\buildslave\unity\build\Editor/Src/Animation/StateMachine.cpp line 1847]

 -> (artifact id: 'ab90d0183cc663eaf02fb365772969ab') in 0.486244 seconds
  Import took 0.490019 seconds .

========================================================================
Received Import Request.
  Time since last request: 0.000697 seconds.
  path: Assets/drum_animation_2.fbx
  artifactKey: Guid(111f88d605cbe204e9d67140752c1871) Importer(815301076,1909f56bfc062723c751e8b465ee728b)
Start importing Assets/drum_animation_2.fbx using Guid(111f88d605cbe204e9d67140752c1871) Importer(815301076,1909f56bfc062723c751e8b465ee728b)  -> (artifact id: '681dbb4209bc7ca023d02a49425afde3') in 0.124955 seconds
  Import took 0.128312 seconds .

========================================================================
Received Import Request.
  Time since last request: 0.000239 seconds.
  path: Assets/drum_animation.fbx
  artifactKey: Guid(f3f229e699205814486023ec4b41db4c) Importer(815301076,1909f56bfc062723c751e8b465ee728b)
Start importing Assets/drum_animation.fbx using Guid(f3f229e699205814486023ec4b41db4c) Importer(815301076,1909f56bfc062723c751e8b465ee728b)  -> (artifact id: 'f8bdbd5568a5f572af199358627e301d') in 0.106680 seconds
  Import took 0.109915 seconds .

========================================================================
Received Import Request.
  Time since last request: 2823.502729 seconds.
  path: Assets/Scenes/UDPAnimation.unity
  artifactKey: Guid(8258ca0aea5a08f459718955591b449e) Importer(815301076,1909f56bfc062723c751e8b465ee728b)
Start importing Assets/Scenes/UDPAnimation.unity using Guid(8258ca0aea5a08f459718955591b449e) Importer(815301076,1909f56bfc062723c751e8b465ee728b)  -> (artifact id: 'd724528b57cc7908888c36a08f0d72e5') in 0.006505 seconds
  Import took 0.009968 seconds .

========================================================================
Received Import Request.
  Time since last request: 0.006229 seconds.
  path: Assets/Scenes/UDPAnimation.unity
  artifactKey: Guid(8258ca0aea5a08f459718955591b449e) Importer(815301076,1909f56bfc062723c751e8b465ee728b)
Start importing Assets/Scenes/UDPAnimation.unity using Guid(8258ca0aea5a08f459718955591b449e) Importer(815301076,1909f56bfc062723c751e8b465ee728b)  -> (artifact id: 'd724528b57cc7908888c36a08f0d72e5') in 0.002013 seconds
  Import took 0.005068 seconds .

========================================================================
Received Import Request.
  Time since last request: 2.543479 seconds.
  path: Assets/Scenes/UDPAnimation1.unity
  artifactKey: Guid(f9ea21c51f4a7e94fa3c744f766823e4) Importer(815301076,1909f56bfc062723c751e8b465ee728b)
Start importing Assets/Scenes/UDPAnimation1.unity using Guid(f9ea21c51f4a7e94fa3c744f766823e4) Importer(815301076,1909f56bfc062723c751e8b465ee728b)  -> (artifact id: 'cdb987f0b1aaef4935c83bb1a6bc23cc') in 0.006524 seconds
  Import took 0.009714 seconds .

========================================================================
Received Import Request.
  Time since last request: 1.725998 seconds.
  path: Assets/Scenes/UDPAnimation1_EyeAnimation.unity
  artifactKey: Guid(b5f7d2790f85705429240ebb65e4ca39) Importer(815301076,1909f56bfc062723c751e8b465ee728b)
Start importing Assets/Scenes/UDPAnimation1_EyeAnimation.unity using Guid(b5f7d2790f85705429240ebb65e4ca39) Importer(815301076,1909f56bfc062723c751e8b465ee728b)  -> (artifact id: '19c68fb64b46ca60c5a0a5861b676419') in 0.007048 seconds
  Import took 0.010530 seconds .

========================================================================
Received Import Request.
  Time since last request: 2.926173 seconds.
  path: Assets/Scenes/UDPAnimation_PlaneD.unity
  artifactKey: Guid(656278a15ba96be40aa951a283c9abe4) Importer(815301076,1909f56bfc062723c751e8b465ee728b)
Start importing Assets/Scenes/UDPAnimation_PlaneD.unity using Guid(656278a15ba96be40aa951a283c9abe4) Importer(815301076,1909f56bfc062723c751e8b465ee728b)  -> (artifact id: '4ff3a9101141930380c68bd36b27ba8d') in 0.007077 seconds
  Import took 0.010280 seconds .

========================================================================
Received Prepare
Registering precompiled user dll's ...
Registered in 0.010832 seconds.
Begin MonoManager ReloadAssembly
Native extension for Lumin target not found
Native extension for WindowsStandalone target not found
Refreshing native plugins compatible for Editor in 1.08 ms, found 10 plugins.
Preloading 1 native plugins for Editor in 0.08 ms.
System.NullReferenceException: Object reference not set to an instance of an object
  at Vuforia.EditorClasses.ExtensionTypeProvider.GetVuforiaPackageAbsPath () [0x0004a] in <f93bc12ce1034617aac9a18135b94276>:0 
  at Vuforia.EditorClasses.ExtensionTypeProvider.IsPackageManager () [0x00000] in <f93bc12ce1034617aac9a18135b94276>:0 
  at Vuforia.EditorClasses.ExtensionTypeProvider.ResolvePluginType () [0x00009] in <f93bc12ce1034617aac9a18135b94276>:0 
  at Vuforia.EditorClasses.ExtensionTypeProvider.GetPluginType () [0x0000c] in <f93bc12ce1034617aac9a18135b94276>:0 
  at Vuforia.EditorClasses.VuforiaUtilities.IsVuforiaEnabledInPlayerSettings () [0x00000] in <f93bc12ce1034617aac9a18135b94276>:0 
  at VuforiaEnabledObserver..cctor () [0x00000] in <f93bc12ce1034617aac9a18135b94276>:0 
UnityEngine.StackTraceUtility:ExtractStackTrace ()
UnityEngine.DebugLogHandler:LogFormat (UnityEngine.LogType,UnityEngine.Object,string,object[])
UnityEngine.Logger:Log (UnityEngine.LogType,object)
UnityEngine.Debug:LogError (object)
UnityEditor.EditorAssemblies:ProcessInitializeOnLoadAttributes (System.Type[])

System.NullReferenceException: Object reference not set to an instance of an object
  at Vuforia.EditorClasses.ExtensionTypeProvider.GetVuforiaPackageAbsPath () [0x0004a] in <f93bc12ce1034617aac9a18135b94276>:0 
  at Vuforia.EditorClasses.ExtensionTypeProvider.IsPackageManager () [0x00000] in <f93bc12ce1034617aac9a18135b94276>:0 
  at Vuforia.EditorClasses.ExtensionTypeProvider.ResolvePluginType () [0x00009] in <f93bc12ce1034617aac9a18135b94276>:0 
  at Vuforia.EditorClasses.ExtensionTypeProvider.GetPluginType () [0x0000c] in <f93bc12ce1034617aac9a18135b94276>:0 
  at Vuforia.EditorClasses.VuforiaUtilities.IsVuforiaEnabledInPlayerSettings () [0x00000] in <f93bc12ce1034617aac9a18135b94276>:0 
  at Vuforia.EditorClasses.InitializeOnLoadVuforiaTaskRunner..cctor () [0x00015] in <f93bc12ce1034617aac9a18135b94276>:0 
UnityEngine.StackTraceUtility:ExtractStackTrace ()
UnityEngine.DebugLogHandler:LogFormat (UnityEngine.LogType,UnityEngine.Object,string,object[])
UnityEngine.Logger:Log (UnityEngine.LogType,object)
UnityEngine.Debug:LogError (object)
UnityEditor.EditorAssemblies:ProcessInitializeOnLoadAttributes (System.Type[])

Invoked RoslynAnalysisRunner static constructor.
RoslynAnalysisRunner will not be running.
RoslynAnalysisRunner has terminated.
Mono: successfully reloaded assembly
- Completed reload, in  2.357 seconds
Platform modules already initialized, skipping
Shader 'PointClouds/PointSplat': fallback shader 'PointClouds/PointSplatLegacy' not found
Refreshing native plugins compatible for Editor in 0.76 ms, found 10 plugins.
Preloading 1 native plugins for Editor in 0.06 ms.
Unloading 1984 Unused Serialized files (Serialized files now loaded: 0)
System memory in use before: 110.4 MB.
System memory in use after: 110.6 MB.

Unloading 66 unused Assets to reduce memory usage. Loaded Objects now: 2745.
Total: 2.182900 ms (FindLiveObjects: 0.256000 ms CreateObjectMapping: 0.113800 ms MarkObjects: 1.756600 ms  DeleteObjects: 0.055100 ms)

========================================================================
Received Import Request.
  Time since last request: 52209.904101 seconds.
  path: Assets/Models/Ch22_nonPBR@Sitting Laughing.fbx
  artifactKey: Guid(8ef1e80e6a7c79e4c9fdfdd666dd649f) Importer(815301076,1909f56bfc062723c751e8b465ee728b)
Start importing Assets/Models/Ch22_nonPBR@Sitting Laughing.fbx using Guid(8ef1e80e6a7c79e4c9fdfdd666dd649f) Importer(815301076,1909f56bfc062723c751e8b465ee728b)  -> (artifact id: 'ef8cc6a262fd63661471c55f5749a677') in 0.488766 seconds
  Import took 0.493294 seconds .

========================================================================
Received Import Request.
  Time since last request: 0.000287 seconds.
  path: Assets/Models/drum_animation 1.fbx
  artifactKey: Guid(ad3fc6712f40fe344a09efa9b8b31b0a) Importer(815301076,1909f56bfc062723c751e8b465ee728b)
Start importing Assets/Models/drum_animation 1.fbx using Guid(ad3fc6712f40fe344a09efa9b8b31b0a) Importer(815301076,1909f56bfc062723c751e8b465ee728b)  -> (artifact id: '362245c263ab93e2e3591d21772f25d2') in 0.079132 seconds
  Import took 0.086707 seconds .

========================================================================
Received Import Request.
  Time since last request: 0.000193 seconds.
  path: Assets/Models/RightArm.mask
  artifactKey: Guid(59ddb886f3b556f45973afb786f96fee) Importer(815301076,1909f56bfc062723c751e8b465ee728b)
Start importing Assets/Models/RightArm.mask using Guid(59ddb886f3b556f45973afb786f96fee) Importer(815301076,1909f56bfc062723c751e8b465ee728b)  -> (artifact id: '06e558b7ab2b9e56445d8ebefd0b86d3') in 0.025304 seconds
  Import took 0.030221 seconds .

========================================================================
Received Import Request.
  Time since last request: 0.000295 seconds.
  path: Assets/Models/rp_nathan_animated_003_walking.fbx
  artifactKey: Guid(a55d8ab80e3e7334495327895a6b76ce) Importer(815301076,1909f56bfc062723c751e8b465ee728b)
Start importing Assets/Models/rp_nathan_animated_003_walking.fbx using Guid(a55d8ab80e3e7334495327895a6b76ce) Importer(815301076,1909f56bfc062723c751e8b465ee728b)  -> (artifact id: '8a834c247f91107c9c5f244ba862453c') in 0.047798 seconds
  Import took 0.052389 seconds .

========================================================================
Received Import Request.
  Time since last request: 0.000193 seconds.
  path: Assets/Models/LeftArm.mask
  artifactKey: Guid(53724afaecbf56c4d937437a36814fef) Importer(815301076,1909f56bfc062723c751e8b465ee728b)
Start importing Assets/Models/LeftArm.mask using Guid(53724afaecbf56c4d937437a36814fef) Importer(815301076,1909f56bfc062723c751e8b465ee728b)  -> (artifact id: '811c18e3c543191ab69caf422ce901a2') in 0.006631 seconds
  Import took 0.010061 seconds .

========================================================================
Received Import Request.
  Time since last request: 0.000265 seconds.
  path: Assets/Models/DrumModel.obj
  artifactKey: Guid(dcbd000840ed8ad4ab2414f8ad832f88) Importer(815301076,1909f56bfc062723c751e8b465ee728b)
Start importing Assets/Models/DrumModel.obj using Guid(dcbd000840ed8ad4ab2414f8ad832f88) Importer(815301076,1909f56bfc062723c751e8b465ee728b)  -> (artifact id: '0b565feb07fae4c2d518a9be76e7701b') in 0.055898 seconds
  Import took 0.059099 seconds .

========================================================================
Received Import Request.
  Time since last request: 0.000232 seconds.
  path: Assets/Models/JennaLookDown.fbx
  artifactKey: Guid(57cb2f2b46f10644785fd7a8e0c9ec4d) Importer(815301076,1909f56bfc062723c751e8b465ee728b)
Start importing Assets/Models/JennaLookDown.fbx using Guid(57cb2f2b46f10644785fd7a8e0c9ec4d) Importer(815301076,1909f56bfc062723c751e8b465ee728b)  -> (artifact id: '1368077b4ed06931055bf93c16262e01') in 0.217182 seconds
  Import took 0.221038 seconds .

========================================================================
Received Import Request.
  Time since last request: 0.000220 seconds.
  path: Assets/Models/xbot.fbx
  artifactKey: Guid(6d19ba52874e3b649961b38dc1bb9a0b) Importer(815301076,1909f56bfc062723c751e8b465ee728b)
Start importing Assets/Models/xbot.fbx using Guid(6d19ba52874e3b649961b38dc1bb9a0b) Importer(815301076,1909f56bfc062723c751e8b465ee728b)  -> (artifact id: 'a08d345e054b9c5ecd33b89f1d9ecc8d') in 0.068890 seconds
  Import took 0.072517 seconds .

========================================================================
Received Import Request.
  Time since last request: 0.000257 seconds.
  path: Assets/Models/drum_animation.fbx
  artifactKey: Guid(4021aa8c06bb4644e9b69df8b8482023) Importer(815301076,1909f56bfc062723c751e8b465ee728b)
Start importing Assets/Models/drum_animation.fbx using Guid(4021aa8c06bb4644e9b69df8b8482023) Importer(815301076,1909f56bfc062723c751e8b465ee728b)  -> (artifact id: '6599bdbaf9de44259c8b001b3da0e984') in 0.091442 seconds
  Import took 0.094889 seconds .

========================================================================
Received Import Request.
  Time since last request: 0.000258 seconds.
  path: Assets/Models/xbot.fbx
  artifactKey: Guid(6d19ba52874e3b649961b38dc1bb9a0b) Importer(815301076,1909f56bfc062723c751e8b465ee728b)
Start importing Assets/Models/xbot.fbx using Guid(6d19ba52874e3b649961b38dc1bb9a0b) Importer(815301076,1909f56bfc062723c751e8b465ee728b)  -> (artifact id: 'a08d345e054b9c5ecd33b89f1d9ecc8d') in 0.065883 seconds
  Import took 0.069171 seconds .

========================================================================
Received Import Request.
  Time since last request: 0.000209 seconds.
  path: Assets/Models/character.fbx
  artifactKey: Guid(ff3fb16a38441d6448efd168bac91fcb) Importer(815301076,1909f56bfc062723c751e8b465ee728b)
Start importing Assets/Models/character.fbx using Guid(ff3fb16a38441d6448efd168bac91fcb) Importer(815301076,1909f56bfc062723c751e8b465ee728b)  -> (artifact id: 'aa3950507672205becee20bd50072140') in 0.188846 seconds
  Import took 0.192944 seconds .

========================================================================
Received Import Request.
  Time since last request: 0.000180 seconds.
  path: Assets/Models/XbotIdle_Eyes_down.fbx
  artifactKey: Guid(21cc12adfec196a4a8fd030dac5d3b29) Importer(815301076,1909f56bfc062723c751e8b465ee728b)
Start importing Assets/Models/XbotIdle_Eyes_down.fbx using Guid(21cc12adfec196a4a8fd030dac5d3b29) Importer(815301076,1909f56bfc062723c751e8b465ee728b)  -> (artifact id: '55233cc21fa54230c6c9056c6c9bef7a') in 0.059157 seconds
  Import took 0.062944 seconds .

========================================================================
Received Import Request.
  Time since last request: 0.000187 seconds.
  path: Assets/Models/character.fbx
  artifactKey: Guid(ff3fb16a38441d6448efd168bac91fcb) Importer(815301076,1909f56bfc062723c751e8b465ee728b)
Start importing Assets/Models/character.fbx using Guid(ff3fb16a38441d6448efd168bac91fcb) Importer(815301076,1909f56bfc062723c751e8b465ee728b)  -> (artifact id: 'aa3950507672205becee20bd50072140') in 0.214986 seconds
  Import took 0.223596 seconds .

========================================================================
Received Import Request.
  Time since last request: 0.000740 seconds.
  path: Assets/Models/EyeAnimator Controller.controller
  artifactKey: Guid(0268bb04022de3e45afcc42c0c098512) Importer(815301076,1909f56bfc062723c751e8b465ee728b)
Start importing Assets/Models/EyeAnimator Controller.controller using Guid(0268bb04022de3e45afcc42c0c098512) Importer(815301076,1909f56bfc062723c751e8b465ee728b) The legacy Animation Clip "Armature|Armature|Armature|Armature|mixamo.com|Layer0|Armature|Armature|" cannot be used in the State "Idle2". Legacy AnimationClips are not allowed in Animator Controllers.To use this animation in this Animator Controller, you must reimport in as a Generic or Humanoid animation clip

 -> (artifact id: 'cdfdeae1840c6cfc62d7111e49d1bc84') in 0.036473 seconds
  Import took 0.040280 seconds .

========================================================================
Received Import Request.
  Time since last request: 0.000232 seconds.
  path: Assets/Models/drum_animation_2.fbx
  artifactKey: Guid(8e748dba509d6bb48894158a6bd508d5) Importer(815301076,1909f56bfc062723c751e8b465ee728b)
Start importing Assets/Models/drum_animation_2.fbx using Guid(8e748dba509d6bb48894158a6bd508d5) Importer(815301076,1909f56bfc062723c751e8b465ee728b)  -> (artifact id: '931a9a5813c092355eb52da8ea3507a8') in 0.113936 seconds
  Import took 0.117227 seconds .

========================================================================
Received Import Request.
  Time since last request: 0.000185 seconds.
  path: Assets/Models/Ch22_nonPBR@Sitting Laughing.fbx
  artifactKey: Guid(8ef1e80e6a7c79e4c9fdfdd666dd649f) Importer(815301076,1909f56bfc062723c751e8b465ee728b)
Start importing Assets/Models/Ch22_nonPBR@Sitting Laughing.fbx using Guid(8ef1e80e6a7c79e4c9fdfdd666dd649f) Importer(815301076,1909f56bfc062723c751e8b465ee728b)  -> (artifact id: 'ef8cc6a262fd63661471c55f5749a677') in 0.261955 seconds
  Import took 0.265841 seconds .

========================================================================
Received Import Request.
  Time since last request: 0.000297 seconds.
  path: Assets/Models/remy@Playing Drums.fbx
  artifactKey: Guid(132d39282608fad44848f8164eb5502f) Importer(815301076,1909f56bfc062723c751e8b465ee728b)
Start importing Assets/Models/remy@Playing Drums.fbx using Guid(132d39282608fad44848f8164eb5502f) Importer(815301076,1909f56bfc062723c751e8b465ee728b)  -> (artifact id: 'e5dd28155aee44ff43975cc598314c02') in 0.277647 seconds
  Import took 0.282122 seconds .

========================================================================
Received Import Request.
  Time since last request: 9.414794 seconds.
  path: Assets/Models/idle.anim
  artifactKey: Guid(aa4348be2c4958b47b234717a238a70a) Importer(815301076,1909f56bfc062723c751e8b465ee728b)
Start importing Assets/Models/idle.anim using Guid(aa4348be2c4958b47b234717a238a70a) Importer(815301076,1909f56bfc062723c751e8b465ee728b)  -> (artifact id: '9c745e1bfca1d73a1c432c3a8d24d90f') in 0.011147 seconds
  Import took 0.014240 seconds .

========================================================================
Received Import Request.
  Time since last request: 1651.504410 seconds.
  path: Assets/Models/Armature_Armature_Armature_Armature_mixamo.com_Layer0_Armature_Armature_.anim
  artifactKey: Guid(5b6033bdf77f88e46884a547b5253bdd) Importer(815301076,1909f56bfc062723c751e8b465ee728b)
Start importing Assets/Models/Armature_Armature_Armature_Armature_mixamo.com_Layer0_Armature_Armature_.anim using Guid(5b6033bdf77f88e46884a547b5253bdd) Importer(815301076,1909f56bfc062723c751e8b465ee728b)  -> (artifact id: 'fa99bc83c69c276403168fb157a62a1b') in 0.011524 seconds
  Import took 0.015534 seconds .

========================================================================
Received Import Request.
  Time since last request: 17.827753 seconds.
  path: Assets/Models/Idle_HeadDown.anim
  artifactKey: Guid(5b6033bdf77f88e46884a547b5253bdd) Importer(815301076,1909f56bfc062723c751e8b465ee728b)
Start importing Assets/Models/Idle_HeadDown.anim using Guid(5b6033bdf77f88e46884a547b5253bdd) Importer(815301076,1909f56bfc062723c751e8b465ee728b)  -> (artifact id: '8076d8c97b4d3ea35e974770585c9213') in 0.011125 seconds
  Import took 0.014461 seconds .

========================================================================
Received Import Request.
  Time since last request: 510.456199 seconds.
  path: Assets/Models/Armature_Armature_Armature_Armature_mixamo.com_Layer0_Armature_Armature_.anim
  artifactKey: Guid(05c130937a795474ab1500bda6a37fb9) Importer(815301076,1909f56bfc062723c751e8b465ee728b)
Start importing Assets/Models/Armature_Armature_Armature_Armature_mixamo.com_Layer0_Armature_Armature_.anim using Guid(05c130937a795474ab1500bda6a37fb9) Importer(815301076,1909f56bfc062723c751e8b465ee728b)  -> (artifact id: 'b66f9ed67feac4be4b55a08b475ae29f') in 0.024338 seconds
  Import took 0.029249 seconds .

========================================================================
Received Import Request.
  Time since last request: 398.962339 seconds.
  path: Assets/Models/XbotIdle_Eyes_down.fbx
  artifactKey: Guid(21cc12adfec196a4a8fd030dac5d3b29) Importer(815301076,1909f56bfc062723c751e8b465ee728b)
Start importing Assets/Models/XbotIdle_Eyes_down.fbx using Guid(21cc12adfec196a4a8fd030dac5d3b29) Importer(815301076,1909f56bfc062723c751e8b465ee728b)  -> (artifact id: '280ed605459345860ac96f74c6730bb6') in 0.109287 seconds
  Import took 0.113494 seconds .

========================================================================
Received Import Request.
  Time since last request: 9.352568 seconds.
  path: Assets/Models/Armature_Armature_Armature_Armature_mixamo.com_Layer0_Armature_Armature_.anim
  artifactKey: Guid(05c130937a795474ab1500bda6a37fb9) Importer(815301076,1909f56bfc062723c751e8b465ee728b)
Start importing Assets/Models/Armature_Armature_Armature_Armature_mixamo.com_Layer0_Armature_Armature_.anim using Guid(05c130937a795474ab1500bda6a37fb9) Importer(815301076,1909f56bfc062723c751e8b465ee728b)  -> (artifact id: '706c3613a2292b8fba667af10af309da') in 0.006979 seconds
  Import took 0.011880 seconds .

========================================================================
Received Import Request.
  Time since last request: 44.883297 seconds.
  path: Assets/Models/Idle_HeadDown.anim
  artifactKey: Guid(05c130937a795474ab1500bda6a37fb9) Importer(815301076,1909f56bfc062723c751e8b465ee728b)
Start importing Assets/Models/Idle_HeadDown.anim using Guid(05c130937a795474ab1500bda6a37fb9) Importer(815301076,1909f56bfc062723c751e8b465ee728b)  -> (artifact id: '24d779122d5549a6d3e9ad1e45a43beb') in 0.006399 seconds
  Import took 0.010343 seconds .

========================================================================
Received Prepare
Registering precompiled user dll's ...
Registered in 0.015846 seconds.
Begin MonoManager ReloadAssembly
Native extension for Lumin target not found
Native extension for WindowsStandalone target not found
Refreshing native plugins compatible for Editor in 0.94 ms, found 10 plugins.
Preloading 1 native plugins for Editor in 0.12 ms.
System.NullReferenceException: Object reference not set to an instance of an object
  at Vuforia.EditorClasses.ExtensionTypeProvider.GetVuforiaPackageAbsPath () [0x0004a] in <f93bc12ce1034617aac9a18135b94276>:0 
  at Vuforia.EditorClasses.ExtensionTypeProvider.IsPackageManager () [0x00000] in <f93bc12ce1034617aac9a18135b94276>:0 
  at Vuforia.EditorClasses.ExtensionTypeProvider.ResolvePluginType () [0x00009] in <f93bc12ce1034617aac9a18135b94276>:0 
  at Vuforia.EditorClasses.ExtensionTypeProvider.GetPluginType () [0x0000c] in <f93bc12ce1034617aac9a18135b94276>:0 
  at Vuforia.EditorClasses.VuforiaUtilities.IsVuforiaEnabledInPlayerSettings () [0x00000] in <f93bc12ce1034617aac9a18135b94276>:0 
  at VuforiaEnabledObserver..cctor () [0x00000] in <f93bc12ce1034617aac9a18135b94276>:0 
UnityEngine.StackTraceUtility:ExtractStackTrace ()
UnityEngine.DebugLogHandler:LogFormat (UnityEngine.LogType,UnityEngine.Object,string,object[])
UnityEngine.Logger:Log (UnityEngine.LogType,object)
UnityEngine.Debug:LogError (object)
UnityEditor.EditorAssemblies:ProcessInitializeOnLoadAttributes (System.Type[])

System.NullReferenceException: Object reference not set to an instance of an object
  at Vuforia.EditorClasses.ExtensionTypeProvider.GetVuforiaPackageAbsPath () [0x0004a] in <f93bc12ce1034617aac9a18135b94276>:0 
  at Vuforia.EditorClasses.ExtensionTypeProvider.IsPackageManager () [0x00000] in <f93bc12ce1034617aac9a18135b94276>:0 
  at Vuforia.EditorClasses.ExtensionTypeProvider.ResolvePluginType () [0x00009] in <f93bc12ce1034617aac9a18135b94276>:0 
  at Vuforia.EditorClasses.ExtensionTypeProvider.GetPluginType () [0x0000c] in <f93bc12ce1034617aac9a18135b94276>:0 
  at Vuforia.EditorClasses.VuforiaUtilities.IsVuforiaEnabledInPlayerSettings () [0x00000] in <f93bc12ce1034617aac9a18135b94276>:0 
  at Vuforia.EditorClasses.InitializeOnLoadVuforiaTaskRunner..cctor () [0x00015] in <f93bc12ce1034617aac9a18135b94276>:0 
UnityEngine.StackTraceUtility:ExtractStackTrace ()
UnityEngine.DebugLogHandler:LogFormat (UnityEngine.LogType,UnityEngine.Object,string,object[])
UnityEngine.Logger:Log (UnityEngine.LogType,object)
UnityEngine.Debug:LogError (object)
UnityEditor.EditorAssemblies:ProcessInitializeOnLoadAttributes (System.Type[])

Invoked RoslynAnalysisRunner static constructor.
RoslynAnalysisRunner will not be running.
RoslynAnalysisRunner has terminated.
Mono: successfully reloaded assembly
- Completed reload, in  3.073 seconds
Platform modules already initialized, skipping
Shader 'PointClouds/PointSplat': fallback shader 'PointClouds/PointSplatLegacy' not found
Refreshing native plugins compatible for Editor in 0.80 ms, found 10 plugins.
Preloading 1 native plugins for Editor in 0.07 ms.
Unloading 1984 Unused Serialized files (Serialized files now loaded: 0)
System memory in use before: 111.3 MB.
System memory in use after: 111.5 MB.

Unloading 64 unused Assets to reduce memory usage. Loaded Objects now: 2750.
Total: 3.313400 ms (FindLiveObjects: 0.342900 ms CreateObjectMapping: 0.217900 ms MarkObjects: 2.708600 ms  DeleteObjects: 0.042300 ms)

========================================================================
Received Import Request.
  Time since last request: 268.594925 seconds.
  path: Assets/Models/Avatar Animator Controller.controller
  artifactKey: Guid(b5fb7d060ef75264ea6469ff93b81965) Importer(815301076,1909f56bfc062723c751e8b465ee728b)
Start importing Assets/Models/Avatar Animator Controller.controller using Guid(b5fb7d060ef75264ea6469ff93b81965) Importer(815301076,1909f56bfc062723c751e8b465ee728b)  -> (artifact id: '62548642428dbda05feed5b0d0ab151e') in 0.039365 seconds
  Import took 0.042900 seconds .

========================================================================
Received Import Request.
  Time since last request: 69.084167 seconds.
  path: Assets/Models/EyeAnimator Controller.controller
  artifactKey: Guid(0268bb04022de3e45afcc42c0c098512) Importer(815301076,1909f56bfc062723c751e8b465ee728b)
Start importing Assets/Models/EyeAnimator Controller.controller using Guid(0268bb04022de3e45afcc42c0c098512) Importer(815301076,1909f56bfc062723c751e8b465ee728b)  -> (artifact id: 'ee61953733e111fe99dee68925d2519b') in 0.019283 seconds
  Import took 0.022883 seconds .

========================================================================
Received Import Request.
  Time since last request: 7.976272 seconds.
  path: Assets/Models/Idle_HeadDown.anim
  artifactKey: Guid(05c130937a795474ab1500bda6a37fb9) Importer(815301076,1909f56bfc062723c751e8b465ee728b)
Start importing Assets/Models/Idle_HeadDown.anim using Guid(05c130937a795474ab1500bda6a37fb9) Importer(815301076,1909f56bfc062723c751e8b465ee728b)  -> (artifact id: 'f14f48a52da767aa307d84e328ee5a9e') in 0.006599 seconds
  Import took 0.009608 seconds .

========================================================================
Received Import Request.
  Time since last request: 0.002016 seconds.
  path: Assets/Models/Idle_HeadDown.anim
  artifactKey: Guid(05c130937a795474ab1500bda6a37fb9) Importer(815301076,1909f56bfc062723c751e8b465ee728b)
Start importing Assets/Models/Idle_HeadDown.anim using Guid(05c130937a795474ab1500bda6a37fb9) Importer(815301076,1909f56bfc062723c751e8b465ee728b)  -> (artifact id: 'f14f48a52da767aa307d84e328ee5a9e') in 0.006146 seconds
  Import took 0.009278 seconds .

